0:100  0:100  MemLog inited, TSC freq: 1994850140
0:100  0:000  CPU was calibrated with RTC
0:100  0:000  
0:100  0:000  Now is 15.2.2020,  5:47:24 (GMT)
0:100  0:000  Starting Clover revision: 4953 on INSYDE Corp. EFI
0:100  0:000  Build with: [Args: -mc --no-usb -D NO_GRUB_DRIVERS_EMBEDDED -t XCODE8 | -D DISABLE_USB_SUPPORT -D NO_GRUB_DRIVERS_EMBEDDED --conf=/Users/mald0n/src/UDK2018_space/Conf -D USE_BIOS_BLOCKIO -D USE_LOW_EBDA -D HAVE_LEGACY_EMURUNTIMEDXE -a X64 -b RELEASE -t XCODE8 -n 17 | OS: 10.14.6 | XCODE: 10.2.1]
0:100  0:000  SelfDevicePath=PciRoot(0x0)\Pci(0x17,0x0)\Sata(0x0,0x0,0x0)\HD(7,GPT,00000FC1-8110-6C16-4DFF-DD39821F0000,0x39D86000,0x64000) @7B246E98
0:100  0:000  SelfDirPath = \EFI\BOOT
0:101  0:001  === [ Get Smbios ] ========================================
0:106  0:004  Type 16 Index = 0
0:106  0:000  Total Memory Slots Count = 2
0:106  0:000  Type 17 Index = 0
0:106  0:000  SmbiosTable.Type17->Speed = 2133MHz
0:106  0:000  SmbiosTable.Type17->Size = 4096MB
0:106  0:000  SmbiosTable.Type17->Bank/Device = BANK 0 Bottom-slot 1(top)
0:106  0:000  SmbiosTable.Type17->Vendor = Micron
0:106  0:000  SmbiosTable.Type17->SerialNumber = 21118781
0:106  0:000  SmbiosTable.Type17->PartNumber = 4ATF51264HZ-2G3B1   
0:106  0:000  Type 17 Index = 1
0:106  0:000  SmbiosTable.Type17->Speed = 2133MHz
0:106  0:000  SmbiosTable.Type17->Size = 0MB
0:106  0:000  SmbiosTable.Type17->Bank/Device = BANK 2 Bottom-slot 2(under)
0:106  0:000  SmbiosTable.Type17->Vendor = 0000
0:106  0:000  SmbiosTable.Type17->SerialNumber = 00000000
0:106  0:000  SmbiosTable.Type17->PartNumber =                     
0:106  0:000  Boot status=0
0:106  0:000  Running on: 'HP 250 G5 Notebook PC' with board '81EB'
0:106  0:000  === [ GetCPUProperties ] ==================================
0:106  0:000  CPU Vendor = 756E6547 Model=406E3
0:106  0:000   The CPU supported SSE4.1
0:106  0:000  BrandString = Intel(R) Core(TM) i3-6006U CPU @ 2.00GHz
0:106  0:000   The CPU not supported turbo
0:106  0:000  MSR 0x35               20004
0:106  0:000   TSC/CCC Information Leaf:
0:106  0:000    numerator     : 166
0:106  0:000    denominator   : 2
0:106  0:000   Calibrated ARTFrequency: 24034339
0:106  0:000  MSR 0xE2 before patch 7E008008
0:106  0:000  MSR 0xE2 is locked, PM patches will be turned on
0:106  0:000  MSR 0xCE              00040439_F1011400
0:106  0:000  corrected FLEX_RATIO = 0
0:106  0:000  MSR 0x1B0             00000000
0:106  0:000  FSBFrequency = 100 MHz, DMI FSBFrequency = 100 MHz, Corrected FSBFrequency = 100 MHz
0:106  0:000  MaxDiv/MinDiv: 20.0/4
0:106  0:000  Turbo: 20/20/20/20
0:106  0:000  Features: 0xBFEBFBFF
0:106  0:000  Threads: 4
0:106  0:000  Cores: 2
0:106  0:000  FSB: 100 MHz
0:106  0:000  CPU: 2000 MHz
0:106  0:000  TSC: 2000 MHz
0:106  0:000  PIS: 100 MHz
0:106  0:000  ExternalClock: 25 MHz
0:106  0:000  === [ GetDevices ] ========================================
0:106  0:000  PCI (00|00:00.00) : 8086 1904 class=060000
0:106  0:000  PCI (00|00:02.00) : 8086 1916 class=030000
0:106  0:000   - GFX: Model=Intel HD Graphics 520 (Intel)
0:106  0:000  PCI (00|00:04.00) : 8086 1903 class=118000
0:106  0:000  PCI (00|00:14.00) : 8086 9D2F class=0C0330
0:106  0:000  PCI (00|00:14.02) : 8086 9D31 class=118000
0:106  0:000  PCI (00|00:16.00) : 8086 9D3A class=078000
0:106  0:000  PCI (00|00:17.00) : 8086 9D03 class=010601
0:106  0:000  PCI (00|00:1C.00) : 8086 9D14 class=060400
0:106  0:000  PCI (00|01:00.00) : 10EC 8168 class=020000
0:106  0:000   - LAN: 0 Vendor=Realtek
0:106  0:000  PCI (00|00:1C.05) : 8086 9D15 class=060400
0:106  0:000  PCI (00|02:00.00) : 8086 3165 class=028000
0:106  0:000   - WIFI: Vendor=Intel
0:106  0:000  PCI (00|00:1F.00) : 8086 9D48 class=060100
0:106  0:000  PCI (00|00:1F.02) : 8086 9D21 class=058000
0:106  0:000  PCI (00|00:1F.03) : 8086 9D70 class=040300
0:106  0:000  PCI (00|00:1F.04) : 8086 9D23 class=0C0500
0:106  0:000  === [ GetDefaultSettings ] ================================
0:106  0:000  Clover load options size = 0 bytes
0:169  0:062  EFI\CLOVER\config.plist loaded: Success
0:174  0:004  === [ GetListOfThemes ] ===================================
0:192  0:018  - [00]: ROG-Mojave
0:210  0:017  - [01]: BGM
0:228  0:017  === [ Found config plists ] ===============================
0:228  0:000  - config2.plist
0:228  0:000  - config_HD515_520_530_540.plist
0:229  0:000  - config-0.plist
0:229  0:000  - config_check.plist
0:229  0:000  - config_debug.plist
0:229  0:000  - config_origin.plist
0:229  0:000  - config_uefi.plist
0:229  0:000  - config_working.plist
0:229  0:000  - config-ANUED.plist
0:229  0:000  - config.plist
0:229  0:000  - config-anu.plist
0:229  0:000  - config-HACKINTOOL.plist
0:229  0:000  === [ GetEarlyUserSettings ] ==============================
0:229  0:000  timeout set to 10
0:229  0:000  Custom boot CUSTOM_BOOT_DISABLED (0x0)
0:229  0:000  KextsToPatch: 13 requested
0:229  0:000   - [00]: com.apple.driver.AppleAHCIPort (External icons patch) :: MatchOS: 10.11.x,10.12.x,10.13.x,10.14.x,10.15.x :: BinPatch :: data len: 8
0:229  0:000   - [01]: com.apple.driver.AppleMikeyDriver (MikeyDriver Patch Assertions) :: MatchOS: 10.11.x,10.12.x,10.13.x,10.14.x,10.15.x :: BinPatch :: data len: 16
0:229  0:000   - [02]: com.apple.driver.AppleGraphicsDevicePolicy (Prevent AGDP from loading) :: MatchOS: 10.11.x,10.12.x,10.13.x,10.14.x,10.15.x :: BinPatch :: data len: 5
0:229  0:000   - [03]: com.apple.driver.AppleHDA (AppleHDA Patch Assertions) :: MatchOS: 10.11.x,10.12.x,10.13.x,10.14.x,10.15.x :: BinPatch :: data len: 16
0:229  0:000   - [04]: com.apple.driver.usb.AppleUSBXHCIPCI (USB port limit patch) :: MatchOS: 10.11.x :: BinPatch :: data len: 7
0:229  0:000   - [05]: com.apple.driver.usb.AppleUSBXHCIPCI (USB port limit patch) :: MatchOS: 10.12.x :: BinPatch :: data len: 7
0:229  0:000   - [06]: com.apple.driver.usb.AppleUSBXHCI (USB port limit patch by PMHeart) :: MatchOS: 10.13.x :: BinPatch :: data len: 10
0:229  0:000   - [07]: com.apple.iokit.IOUSBHostFamily (USB port limit patch #1 10.14.x modify by DalianSky(credit ydeng)) :: MatchOS: 10.14.x :: BinPatch :: data len: 4
0:229  0:000   - [08]: com.apple.iokit.IOUSBHostFamily (USB port limit patch #2 10.14.x modify by DalianSky(credit PMHeart)) :: MatchOS: 10.14.x :: BinPatch :: data len: 4
0:229  0:000   - [09]: com.apple.driver.usb.AppleUSBXHCI (USB Port limit patch #3 10.14.x modify by DalianSky(credits PMheart)) :: MatchOS: 10.14.x :: BinPatch :: data len: 4
0:229  0:000   - [10]: com.apple.driver.usb.AppleUSBXHCI (USB Port limit patch #4 10.14.x modify by DalianSky(credits PMheart)) :: MatchOS: 10.14.x :: BinPatch :: data len: 4
0:229  0:000   - [11]: com.apple.iokit.IOUSBHostFamily (USB Port limit patch #1(credits PMheart)) :: MatchOS: 10.15.x :: BinPatch :: data len: 4
0:229  0:000   - [12]: com.apple.driver.usb.AppleUSBXHCI (USB Port limit patch #2(credits PMheart)) :: MatchOS: 10.15.x :: BinPatch :: data len: 4
0:229  0:000  KernelToPatch: 3 requested
0:229  0:000   - [00]: Disable panic kext logging on 10.13 Release kernel :: MatchOS: 10.13.x :: data len: 6
0:229  0:000   - [01]: Disable panic kext logging on 10.14 Release kernel :: MatchOS: 10.14.x :: data len: 6
0:229  0:000   - [02]: Kernel Lapic Fix :: MatchOS: 10.15.x :: data len: 6
0:229  0:000  Default theme: BGM
0:229  0:000  === [ LoadDrivers ] =======================================
0:237  0:008  Loading ApfsDriverLoader-64.efi  status=Success
0:339  0:102   - driver needs connecting
0:339  0:000  Loading VBoxHfs-64.efi  status=Success
0:341  0:001   - driver needs connecting
0:341  0:000  Loading AppleImageLoader-64.efi  status=Success
0:443  0:101  Loading AptioMemoryFix-64.efi  status=Success
0:545  0:102  Loading DataHubDxe-64.efi  status=Success
0:547  0:001  Loading FSInject-64.efi  status=Success
0:549  0:002  2 drivers needs connecting ...
0:549  0:000  PlatformDriverOverrideProtocol->GetDriver overriden
0:549  0:000  APFS driver loaded
0:549  0:000  Searching for invalid DiskIo BY_DRIVER connects: not found, all ok
1:396  0:847  === [ InitScreen ] ========================================
1:396  0:000  Console modes reported: 6, available modes:
1:396  0:000   - [01]: 80x25
1:396  0:000   - [03]: 80x25
1:396  0:000   - [04]: 170x40 (current mode)
1:396  0:000   - [05]: 100x31
1:396  0:000   - [06]: 128x40
1:396  0:000  SetScreenResolution: 1366x768 - already set
1:397  0:000  SetScreenResolution: 1366x768 - already set
1:397  0:000  reinit: self device path=PciRoot(0x0)\Pci(0x17,0x0)\Sata(0x0,0x0,0x0)\HD(7,GPT,00000FC1-8110-6C16-4DFF-DD39821F0000,0x39D86000,0x64000)
1:397  0:000  Using embedded font: Success
1:398  0:001  === [ GetMacAddress ] =====================================
1:398  0:000   get legacy LAN MAC, 1 card found
1:398  0:000  Legacy MAC address of LAN #0= 40:B0:34:71:46:6B:
1:398  0:000  === [ ScanSPD ] ===========================================
1:399  0:000  Scanning SMBus [8086:9D23], mmio: 0xB1235004, ioport: 0x4040, hostc: 0x11
1:417  0:018  Slot: 0 Type 26 4096MB 2400MHz Vendor=Micron Technology PartNo=4ATF51264HZ-2G3B1 SerialNo=0105060F05070501
1:418  0:001  === [ GetAcpiTablesList ] =================================
1:428  0:009  Get Acpi Tables List from RSDT:
1:428  0:000   - [00]: FACP  SLIC-MPC len=244
1:428  0:000   - [01]: TCPA  INSYDE   len=50
1:428  0:000   - [02]: UEFI  INSYDE   len=566
1:428  0:000   - [03]: UEFI  INSYDE   len=66
1:428  0:000   - [04]: SSDT  INSYDE   len=1207
1:428  0:000   - [05]: SSDT  INSYDE   len=75
1:428  0:000   - [06]: TPM2  INSYDE   len=52
1:428  0:000   - [07]: SSDT  INSYDE   len=26798
1:428  0:000   - [08]: MSDM  SLIC-MPC len=85
1:428  0:000   - [09]: SSDT  INSYDE   len=21831
1:428  0:000   - [10]: SSDT  INSYDE   len=10804
1:428  0:000   - [11]: DBGP  SLIC-MPC len=52
1:428  0:000   - [12]: DBG2  INSYDE   len=84
1:428  0:000   - [13]: ASF!  INSYDE   len=165
1:428  0:000   - [14]: ASPT  INSYDE   len=52
1:428  0:000   - [15]: BOOT  INSYDE   len=40
1:428  0:000   - [16]: DBGP  SLIC-MPC len=52
1:428  0:000   - [17]: HPET  INSYDE   len=56
1:428  0:000   - [18]: LPIT  INSYDE   len=148
1:428  0:000   - [19]: APIC  SLIC-MPC len=188
1:428  0:000   - [20]: MCFG  INSYDE   len=60
1:428  0:000   - [21]: SSDT  INSYDE   len=724
1:428  0:000   - [22]: SSDT  INSYDE   len=3751
1:428  0:000   - [23]: SSDT  INSYDE   len=410
1:428  0:000   - [24]: SSDT  INSYDE   len=2557
1:428  0:000   - [25]: SSDT  INSYDE   len=2889
1:428  0:000   - [26]: SSDT  INSYDE   len=330
1:428  0:000   - [27]: SSDT  INSYDE   len=3699
1:428  0:000   - [28]: DMAR  INSYDE   len=168
1:428  0:000   - [29]: FPDT  SLIC-MPC len=68
1:428  0:000   - [30]: BGRT  INSYDE   len=56
1:428  0:000  Calibrated TSC Frequency = 1994850140 = 1994MHz
1:428  0:000  === [ GetUserSettings ] ===================================
1:428  0:000  Add 1 devices:
1:428  0:000  USB FixOwnership: yes
1:428  0:000  Dropping 1 tables:
1:428  0:000   - [00]: Drop table  signature="DMAR" (52414D44)
1:428  0:000           - set table: 52414D44,                0 to drop: yes
1:428  0:000   - final DSDT Fix mask=10061054
1:428  0:000  PatchesDSDT: 12 requested
1:428  0:000   - [00]: (change EHC1 to EH01) lenToFind: 4, lenToReplace: 4, Target Bridge: <null string>
1:428  0:000   - [01]: (change EHC2 to EH02) lenToFind: 4, lenToReplace: 4, Target Bridge: <null string>
1:428  0:000   - [02]: (change EUSB to EH01) lenToFind: 4, lenToReplace: 4, Target Bridge: <null string>
1:428  0:000   - [03]: (change USBE to EH02) lenToFind: 4, lenToReplace: 4, Target Bridge: <null string>
1:428  0:000   - [04]: (change GFX0 to IGPU) lenToFind: 4, lenToReplace: 4, Target Bridge: <null string>
1:428  0:000   - [05]: (change HECI to IMEI) lenToFind: 4, lenToReplace: 4, Target Bridge: <null string>
1:428  0:000   - [06]: (change SAT0 to SATA) lenToFind: 4, lenToReplace: 4, Target Bridge: <null string>
1:428  0:000   - [07]: (Fix bug SERIE 300) lenToFind: 8, lenToReplace: 8, Target Bridge: <null string>
1:428  0:000    patch disabled at config
1:428  0:000   - [08]: (CUU0) lenToFind: 14, lenToReplace: 14, Target Bridge: <null string>
1:428  0:000   - [09]: (CUU1) lenToFind: 14, lenToReplace: 14, Target Bridge: <null string>
1:428  0:000   - [10]: (CUU2) lenToFind: 14, lenToReplace: 14, Target Bridge: <null string>
1:428  0:000   - [11]: (CUU3) lenToFind: 14, lenToReplace: 14, Target Bridge: <null string>
1:428  0:000  smartUPS: present
1:428  0:000  Using ProductName from config: MacBookPro13,1
1:428  0:000  Using latest BiosVersion from clover
1:428  0:000  BiosVersion: MBP131.88Z.F000.B00.1904111407
1:428  0:000  BiosReleaseDate: 04/11/2019
1:428  0:000  Using latest EfiVersion from clover: 233.0.0.0.0
1:428  0:000  Using FirmwareFeatures from config: 0xFC0FE137
1:428  0:000  Using FirmwareFeaturesMask from config: 0xFF1FFF3F
1:428  0:000  Board-ID set from config as Mac-473D31EABEB93F9B
1:428  0:000  BoardType: 0xA
1:428  0:000  ChassisType: 0x9
1:429  0:000  === [ Found DSDT tables ] =================================
1:747  0:318  === [ ScanVolumes ] =======================================
1:747  0:000  Found 15 volumes with blockIO
1:747  0:000  - [00]: Volume: PciRoot(0x0)\Pci(0x17,0x0)\Sata(0x0,0x0,0x0)
1:781  0:033  - [01]: Volume: PciRoot(0x0)\Pci(0x17,0x0)\Sata(0x0,0x0,0x0)\HD(1,GPT,69C47AC0-9F4D-01D5-603D-E2B4A6CFEA00,0x800,0xFA000)
1:788  0:007          Result of bootcode detection: bootable unknown (legacy)
1:788  0:000  - [02]: Volume: PciRoot(0x0)\Pci(0x17,0x0)\Sata(0x0,0x0,0x0)\HD(2,GPT,69DFE9A0-9F4D-01D5-D030-E8B4A6CFEA00,0xFA800,0x124B3800)
1:800  0:011          Result of bootcode detection: bootable Windows (vista,win)
1:800  0:000  - [03]: Volume: PciRoot(0x0)\Pci(0x17,0x0)\Sata(0x0,0x0,0x0)\HD(3,GPT,000002F1-0410-6A22-4DFF-DF13E2050000,0x125AE040,0x12C00000)
1:811  0:011          Result of bootcode detection: bootable Windows (win)
1:811  0:000  - [04]: Volume: PciRoot(0x0)\Pci(0x17,0x0)\Sata(0x0,0x0,0x0)\HD(4,GPT,0000042D-3BD0-6A52-4DFF-DF255A080000,0x251AE840,0xA000000)
1:828  0:017          Result of bootcode detection: bootable Windows (win)
1:828  0:000  - [05]: Volume: PciRoot(0x0)\Pci(0x17,0x0)\Sata(0x0,0x0,0x0)\HD(5,GPT,EF1AF6C0-C36E-01D5-603B-8C76B7E1EA00,0x2F1AF000,0x29E7000)
1:840  0:012  - [06]: Volume: PciRoot(0x0)\Pci(0x17,0x0)\Sata(0x0,0x0,0x0)\HD(6,GPT,6BE2C079-6433-4FB7-B59C-F079FA494C33,0x31B96800,0x81EF800)
1:854  0:013          Result of bootcode detection: bootable unknown (legacy)
1:854  0:000  - [07]: Volume: PciRoot(0x0)\Pci(0x17,0x0)\Sata(0x0,0x0,0x0)\HD(7,GPT,00000FC1-8110-6C16-4DFF-DD39821F0000,0x39D86000,0x64000)
1:865  0:011          Result of bootcode detection: bootable Windows (win)
1:891  0:025          This is SelfVolume !!
1:891  0:000  - [08]: Volume: PciRoot(0x0)\Pci(0x17,0x0)\Sata(0x0,0x0,0x0)\HD(8,GPT,0001B4E5-5590-FD27-6EE3-DF39CA690300,0x39DF2000,0x64000)
1:901  0:009          Result of bootcode detection: bootable unknown (legacy)
1:901  0:000  - [09]: Volume: PciRoot(0x0)\Pci(0x17,0x0)\Sata(0x0,0x0,0x0)\HD(9,GPT,FFFFF9E0-C36E-01D5-F0FC-1D7FB7E1EA00,0x39E56000,0x52F800)
1:906  0:005  - [10]: Volume: PciRoot(0x0)\Pci(0x17,0x0)\Sata(0x1,0x0,0x0)
1:906  0:000          Found optical drive
1:906  0:000  - [11]: Volume: PciRoot(0x0)\Pci(0x17,0x0)\Sata(0x0,0x0,0x0)\HD(6,GPT,6BE2C079-6433-4FB7-B59C-F079FA494C33,0x31B96800,0x81EF800)\VenMedia(BE74FCF7-0B7C-49F3-9147-01F4042E6842,A46FB63C87B2214D92812E27FBA62745)
1:906  0:000  - [12]: Volume: PciRoot(0x0)\Pci(0x17,0x0)\Sata(0x0,0x0,0x0)\HD(6,GPT,6BE2C079-6433-4FB7-B59C-F079FA494C33,0x31B96800,0x81EF800)\VenMedia(BE74FCF7-0B7C-49F3-9147-01F4042E6842,01A4CB865A358F4AB5E1530603D4319C)
1:907  0:000  - [13]: Volume: PciRoot(0x0)\Pci(0x17,0x0)\Sata(0x0,0x0,0x0)\HD(6,GPT,6BE2C079-6433-4FB7-B59C-F079FA494C33,0x31B96800,0x81EF800)\VenMedia(BE74FCF7-0B7C-49F3-9147-01F4042E6842,EB924FC6163BEC419C828C5E2A493758)
1:907  0:000  - [14]: Volume: PciRoot(0x0)\Pci(0x17,0x0)\Sata(0x0,0x0,0x0)\HD(6,GPT,6BE2C079-6433-4FB7-B59C-F079FA494C33,0x31B96800,0x81EF800)\VenMedia(BE74FCF7-0B7C-49F3-9147-01F4042E6842,BBD91BBCFC21D94B83B1A12D6428D0CC)
1:907  0:000  No AudioIoProtocols, status=Not Found
1:907  0:000  === [ InitTheme ] =========================================
1:907  0:000  use night theme
1:955  0:048  Using theme 'BGM' (EFI\CLOVER\themes\BGM)
1:955  0:000  OS main and drive as badge
1:956  0:000  file sound read: sound_night.wav Not Found
1:956  0:000  file sound read: sound.wav Not Found
1:966  0:009  Loading font from ThemeDir: Success
1:966  0:000  theme inited
1:966  0:000  Chosen theme BGM
1:966  0:000  found boot-args in NVRAM:kext-dev-mode=1, size=16
1:966  0:000  ...found arg:kext-dev-mode=1
1:966  0:000  ...adding arg:kext-dev-mode=1
1:966  0:000  after NVRAM boot-args=dart=0 -no_compat_check kext-dev-mode=1 
1:966  0:000  === [ Dump SMC keys from NVRAM ] ==========================
1:966  0:000  no AppleSMC protocol
1:986  0:019  === [ AddCustomEntries ] ==================================
1:986  0:000  Custom entry 0 FullTitle:"PhoenixOS" Path:"\EFI\PhoenixOS\boot\grubx64.efi" Type:4 Flags:0x0 matching Volume:"00000FC1-8110-6C16-4DFF-DD39821F0000"
1:986  0:000      Checking volume "EFI" (PciRoot(0x0)\Pci(0x17,0x0)\Sata(0x0,0x0,0x0)\HD(1,GPT,69C47AC0-9F4D-01D5-603D-E2B4A6CFEA00,0x800,0xFA000)) ... skipped
1:986  0:000      Checking volume "DATA" (PciRoot(0x0)\Pci(0x17,0x0)\Sata(0x0,0x0,0x0)\HD(3,GPT,000002F1-0410-6A22-4DFF-DF13E2050000,0x125AE040,0x12C00000)) ... skipped
1:986  0:000      Checking volume "ANU" (PciRoot(0x0)\Pci(0x17,0x0)\Sata(0x0,0x0,0x0)\HD(4,GPT,0000042D-3BD0-6A52-4DFF-DF255A080000,0x251AE840,0xA000000)) ... skipped
1:986  0:000      Checking volume "EFI" (PciRoot(0x0)\Pci(0x17,0x0)\Sata(0x0,0x0,0x0)\HD(7,GPT,00000FC1-8110-6C16-4DFF-DD39821F0000,0x39D86000,0x64000)) ... match!
2:004  0:018  Custom settings: <null string>.plist will  be applied
2:004  0:000      Checking volume "PEFI" (PciRoot(0x0)\Pci(0x17,0x0)\Sata(0x0,0x0,0x0)\HD(8,GPT,0001B4E5-5590-FD27-6EE3-DF39CA690300,0x39DF2000,0x64000)) ... skipped
2:004  0:000      Checking volume "Preboot" (PciRoot(0x0)\Pci(0x17,0x0)\Sata(0x0,0x0,0x0)\HD(6,GPT,6BE2C079-6433-4FB7-B59C-F079FA494C33,0x31B96800,0x81EF800)\VenMedia(BE74FCF7-0B7C-49F3-9147-01F4042E6842,A46FB63C87B2214D92812E27FBA62745)) ... skipped
2:004  0:000      Checking volume "MackintoshHD" (PciRoot(0x0)\Pci(0x17,0x0)\Sata(0x0,0x0,0x0)\HD(6,GPT,6BE2C079-6433-4FB7-B59C-F079FA494C33,0x31B96800,0x81EF800)\VenMedia(BE74FCF7-0B7C-49F3-9147-01F4042E6842,01A4CB865A358F4AB5E1530603D4319C)) ... skipped
2:004  0:000      Checking volume "Recovery" (PciRoot(0x0)\Pci(0x17,0x0)\Sata(0x0,0x0,0x0)\HD(6,GPT,6BE2C079-6433-4FB7-B59C-F079FA494C33,0x31B96800,0x81EF800)\VenMedia(BE74FCF7-0B7C-49F3-9147-01F4042E6842,EB924FC6163BEC419C828C5E2A493758)) ... skipped
2:004  0:000      Checking volume "VM" (PciRoot(0x0)\Pci(0x17,0x0)\Sata(0x0,0x0,0x0)\HD(6,GPT,6BE2C079-6433-4FB7-B59C-F079FA494C33,0x31B96800,0x81EF800)\VenMedia(BE74FCF7-0B7C-49F3-9147-01F4042E6842,BBD91BBCFC21D94B83B1A12D6428D0CC)) ... skipped
2:004  0:000  === [ ScanLoader ] ========================================
2:004  0:000  - [01]: 'EFI'
2:022  0:017  - [03]: 'DATA'
2:039  0:017  - [04]: 'ANU'
2:056  0:017  - [07]: 'EFI'
2:085  0:028          AddLoaderEntry for Volume Name=EFI
2:116  0:031          AddLoaderEntry for Volume Name=EFI
2:116  0:000          skipped because entry is hidden
2:116  0:000  - [08]: 'PEFI'
2:134  0:017  - [11]: 'Preboot'
2:160  0:026          AddLoaderEntry for Volume Name=Preboot
2:173  0:013      hibernated: set as never
2:174  0:000          [!] Icon 18 (icons\vol_internal_apfs.icns) not found (path: EFI\CLOVER\themes\BGM)
2:193  0:019  - [12]: 'MackintoshHD'
2:513  0:319          AddLoaderEntry for Volume Name=MackintoshHD
2:532  0:019      hibernated: set as never
2:552  0:019  - [13]: 'Recovery'
2:552  0:000          AddLoaderEntry for Volume Name=Recovery
2:607  0:055  - [14]: 'VM'
2:626  0:018  === [ AddCustomTool ] =====================================
2:626  0:000  Checking EFI partition Volume 7 for Clover
2:641  0:015   Found Clover
2:649  0:007  Use anime=Anim_9_Boot_Sequence frames=64
2:650  0:001  === [ GetEfiBootDeviceFromNvram ] =========================
2:650  0:000   - efi-boot-device-data: PciRoot(0x0)\Pci(0x17,0x0)\Sata(0x0,0x0,0x0)\HD(6,GPT,6BE2C079-6433-4FB7-B59C-F079FA494C33,0x31B96800,0x81EF800)\VenMedia(BE74FCF7-0B7C-49F3-9147-01F4042E6842,01A4CB865A358F4AB5E1530603D4319C)
2:650  0:000    - Volume: 'PciRoot(0x0)\Pci(0x17,0x0)\Sata(0x0,0x0,0x0)\HD(6,GPT,6BE2C079-6433-4FB7-B59C-F079FA494C33,0x31B96800,0x81EF800)\VenMedia(BE74FCF7-0B7C-49F3-9147-01F4042E6842,01A4CB865A358F4AB5E1530603D4319C)'
2:650  0:000    - LoaderPath: '<null string>'
2:650  0:000    - Guid = 6BE2C079-6433-4FB7-B59C-F079FA494C33
2:650  0:000  === [ FindStartupDiskVolume ] =============================
2:650  0:000    - Volume: partition = PciRoot(0x0)\Pci(0x17,0x0)\Sata(0x0,0x0,0x0)\HD(6,GPT,6BE2C079-6433-4FB7-B59C-F079FA494C33,0x31B96800,0x81EF800)\VenMedia(BE74FCF7-0B7C-49F3-9147-01F4042E6842,01A4CB865A358F4AB5E1530603D4319C)
2:650  0:000     - searching for that partition
2:650  0:000      - found entry 3. 'Boot macOS from MackintoshHD', Volume 'MackintoshHD'
2:650  0:000  Boot redirected to Entry 3. 'Boot macOS from MackintoshHD'
2:650  0:000  DefaultIndex=3 and MainMenu.EntryCount=10
2:650  0:000  Use anime=Anim_1_Logo frames=49
2:708  0:057   found 49 frames of the anime
2:708  0:000  recalculated Screen->Film position
2:708  0:000   Anime seems OK, init it
3:454  0:746  GUI ready
31:456  28:002  Use anime=Anim_3_Help frames=64
31:554  0:097   found 64 frames of the anime
31:554  0:000  recalculated Screen->Film position
31:554  0:000   Anime seems OK, init it
80:727  49:172  recalculated Screen->Film position
80:727  0:000   Anime seems OK, init it
84:492  3:764  Use anime=Anim_2_About frames=64
84:499  0:007   found 64 frames of the anime
84:499  0:000  recalculated Screen->Film position
84:499  0:000   Anime seems OK, init it
96:435  11:935  recalculated Screen->Film position
96:435  0:000   Anime seems OK, init it
102:476  6:041  BootVariable of the entry is empty
102:476  0:000  === [ StartLoader ] =======================================
102:476  0:000  Finally: ExternalClock=25MHz BusSpeed=99743kHz CPUFreq=1995MHz PIS: hw.busfrequency=100000000Hz
102:476  0:000  Loading boot.efi  status=Success
102:867  0:391  GetOSVersion: 10.14.6 (18G95)
102:867  0:000  CSR_CFG: CSR_ALLOW_UNTRUSTED_KEXTS | CSR_ALLOW_UNRESTRICTED_FS | CSR_ALLOW_TASK_FOR_PID | CSR_ALLOW_UNRESTRICTED_DTRACE | CSR_ALLOW_UNRESTRICTED_NVRAM
102:867  0:000  Filtering KextPatches:
102:867  0:000   - [00]: com.apple.driver.AppleAHCIPort (External icons patch) :: BinPatch :: [OS: 10.14.6 | MatchOS: 10.11.x,10.12.x,10.13.x,10.14.x,10.15.x | MatchBuild: All] ==> allowed
102:867  0:000   - [01]: com.apple.driver.AppleMikeyDriver (MikeyDriver Patch Assertions) :: BinPatch :: [OS: 10.14.6 | MatchOS: 10.11.x,10.12.x,10.13.x,10.14.x,10.15.x | MatchBuild: All] ==> allowed
102:867  0:000   - [02]: com.apple.driver.AppleGraphicsDevicePolicy (Prevent AGDP from loading) :: BinPatch :: [OS: 10.14.6 | MatchOS: 10.11.x,10.12.x,10.13.x,10.14.x,10.15.x | MatchBuild: All] ==> allowed
102:867  0:000   - [03]: com.apple.driver.AppleHDA (AppleHDA Patch Assertions) :: BinPatch :: [OS: 10.14.6 | MatchOS: 10.11.x,10.12.x,10.13.x,10.14.x,10.15.x | MatchBuild: All] ==> allowed
102:867  0:000   - [04]: com.apple.driver.usb.AppleUSBXHCIPCI (USB port limit patch) :: BinPatch :: [OS: 10.14.6 | MatchOS: 10.11.x | MatchBuild: All] ==> not allowed
102:867  0:000   - [05]: com.apple.driver.usb.AppleUSBXHCIPCI (USB port limit patch) :: BinPatch :: [OS: 10.14.6 | MatchOS: 10.12.x | MatchBuild: All] ==> not allowed
102:867  0:000   - [06]: com.apple.driver.usb.AppleUSBXHCI (USB port limit patch by PMHeart) :: BinPatch :: [OS: 10.14.6 | MatchOS: 10.13.x | MatchBuild: All] ==> not allowed
102:867  0:000   - [07]: com.apple.iokit.IOUSBHostFamily (USB port limit patch #1 10.14.x modify by DalianSky(credit ydeng)) :: BinPatch :: [OS: 10.14.6 | MatchOS: 10.14.x | MatchBuild: All] ==> allowed
102:867  0:000   - [08]: com.apple.iokit.IOUSBHostFamily (USB port limit patch #2 10.14.x modify by DalianSky(credit PMHeart)) :: BinPatch :: [OS: 10.14.6 | MatchOS: 10.14.x | MatchBuild: All] ==> allowed
102:867  0:000   - [09]: com.apple.driver.usb.AppleUSBXHCI (USB Port limit patch #3 10.14.x modify by DalianSky(credits PMheart)) :: BinPatch :: [OS: 10.14.6 | MatchOS: 10.14.x | MatchBuild: All] ==> allowed
102:867  0:000   - [10]: com.apple.driver.usb.AppleUSBXHCI (USB Port limit patch #4 10.14.x modify by DalianSky(credits PMheart)) :: BinPatch :: [OS: 10.14.6 | MatchOS: 10.14.x | MatchBuild: All] ==> allowed
102:867  0:000   - [11]: com.apple.iokit.IOUSBHostFamily (USB Port limit patch #1(credits PMheart)) :: BinPatch :: [OS: 10.14.6 | MatchOS: 10.15.x | MatchBuild: All] ==> not allowed
102:867  0:000   - [12]: com.apple.driver.usb.AppleUSBXHCI (USB Port limit patch #2(credits PMheart)) :: BinPatch :: [OS: 10.14.6 | MatchOS: 10.15.x | MatchBuild: All] ==> not allowed
102:867  0:000  Filtering KernelPatches:
102:867  0:000   - [00]: Disable panic kext logging on 10.13 Release kernel :: [OS: 10.14.6 | MatchOS: 10.13.x | MatchBuild: no] ==> not allowed by OS
102:867  0:000   - [01]: Disable panic kext logging on 10.14 Release kernel :: [OS: 10.14.6 | MatchOS: 10.14.x | MatchBuild: no] ==> allowed by OS
102:867  0:000   - [02]: Kernel Lapic Fix :: [OS: 10.14.6 | MatchOS: 10.15.x | MatchBuild: no] ==> not allowed by OS
102:867  0:000  Will not patch boot.efi
102:867  0:000  === [ PatchSmbios ] =======================================
102:867  0:000  insert table 9 for dev 0:0
102:867  0:000  insert table 9 for dev 0:0
102:868  0:001  Trusting SMBIOS...
102:868  0:000  Detected alternating SMBIOS channel banks
102:868  0:000  Channels: 1
102:868  0:000  Interleave: 0 1 2 3 4 5 6 7 8 9 10 11 12 13 14 15 16 17 18 19 20 21 22 23
102:868  0:000   partNum=4ATF51264HZ-2G3B1   
102:868  0:000  SMBIOS Type 17 Index = 0 => 0 0:
102:868  0:000  BANK 0 DIMM0 2400MHz 4096MB
102:868  0:000   partNum unknown
102:868  0:000  SMBIOS Type 17 Index = 1 => 1 1:
102:868  0:000  BANK 0 DIMM1 EMPTY
102:868  0:000  mTotalSystemMemory = 4096
102:868  0:000  NumberOfMemoryDevices = 2
102:868  0:000  Type20[0]->End = 0x3FFFFF, Type17[0] = 0x1000
102:869  0:000  Table 131 is present, CPUType=31
102:869  0:000  Change to: 905
102:869  0:000  === [ PatchACPI ] =========================================
102:869  0:000  Xsdt reallocation done
102:869  0:000  old FADT length=F4
102:869  0:000   SignatureFixup: 0xDE12A0EA -> 0x0
102:869  0:000  Found OperationRegion(GNVS, SystemMemory, 8AF61698, ...)
102:869  0:000  Found OperationRegion(OGNS, SystemMemory, 8AF62F18, ...)
102:869  0:000  Found OperationRegion(PNVA, SystemMemory, 8AF6CA18, ...)
102:870  0:001  Found OperationRegion(THBA, SystemMemory, FE200000, ...)
102:871  0:001  Found OperationRegion(ITSS, SystemMemory, FDC43100, ...)
102:871  0:000  Found OperationRegion(MDBG, SystemMemory, 8AF4A018, ...)
102:871  0:000  Found OperationRegion(COMP, SystemMemory, 8AF6CC98, ...)
102:871  0:000  Found OperationRegion(ECMM, SystemMemory, FF000000, ...)
102:871  0:000  Found OperationRegion(ECMP, SystemMemory, FF000000, ...)
102:889  0:017  Apply DsdtFixMask=0x10061054
102:889  0:000     drop _DSM mask=0x0000
102:889  0:000  === [ FixBiosDsdt ] =======================================
102:889  0:000  Patching DSDT:
102:889  0:000   - [change EHC1 to EH01]: pattern 45484331, bin not found / already patched!
102:890  0:000   - [change EHC2 to EH02]: pattern 45484332, bin not found / already patched!
102:890  0:000   - [change EUSB to EH01]: pattern 45555342, bin not found / already patched!
102:890  0:000   - [change USBE to EH02]: pattern 55534245, bin not found / already patched!
102:890  0:000   - [change GFX0 to IGPU]: pattern 47465830, patched at: [ (2708) (B401) (1B) (63) (30) (2FE9) (3C3) (14) (61F2) (14AA) (32A6) (30) (AA) (F) (8) ]
102:891  0:000   - [change HECI to IMEI]: pattern 48454349, patched at: [ (CD07) ]
102:891  0:000   - [change SAT0 to SATA]: pattern 53415430, patched at: [ (9B80) (30) (D5FE) (149C) (4EB) (29) (2E) (2E) (2E) ]
102:891  0:000   - [Fix bug SERIE 300]: disabled
102:891  0:000   - [CUU0]: pattern 700D4350, bin not found / already patched!
102:891  0:000   - [CUU1]: pattern 700D4350, bin not found / already patched!
102:891  0:000   - [CUU2]: pattern 700D4350, bin not found / already patched!
102:892  0:000   - [CUU3]: pattern 700D4350, bin not found / already patched!
102:892  0:000    0 replacements
102:893  0:001  found RTC Length not match, Maybe will cause CMOS reset, will patch it.
102:893  0:000  found RTC had IRQNoFlag will move -3 bytes
102:894  0:000  found PIC had IRQNoFlag will move -3 bytes
102:894  0:000  Start HPET Fix
102:896  0:002    indirect name=PNVB
102:896  0:000  OperationRegion (THBA...) corrected from 0x0 to addr=0xFE200000
102:896  0:000  PreCleanup XSDT: count=31, length=284
102:896  0:000  PreCleanup XSDT, corrected XSDT: count=31, length=284
102:896  0:000  === [ ACPIDropTables ] ====================================
102:896  0:000  Drop tables from XSDT, SIGN=DMAR TableID=INSYDE   Length=168
102:896  0:000   Table[28]: DMAR  INSYDE    168 dropped
102:896  0:000  0. [change EHC1 to EH01]: pattern 45484331, bin not found / already patched!
102:896  0:000  1. [change EHC2 to EH02]: pattern 45484332, bin not found / already patched!
102:896  0:000  2. [change EUSB to EH01]: pattern 45555342, bin not found / already patched!
102:896  0:000  3. [change USBE to EH02]: pattern 55534245, bin not found / already patched!
102:896  0:000  4. [change GFX0 to IGPU]: pattern 47465830, bin not found / already patched!
102:896  0:000  5. [change HECI to IMEI]: pattern 48454349, bin not found / already patched!
102:896  0:000  6. [change SAT0 to SATA]: pattern 53415430, bin not found / already patched!
102:896  0:000  7. [Fix bug SERIE 300]: disabled
102:896  0:000  8. [CUU0]: pattern 700D4350, bin not found / already patched!
102:896  0:000  9. [CUU1]: pattern 700D4350, bin not found / already patched!
102:896  0:000  10. [CUU2]: pattern 700D4350, bin not found / already patched!
102:896  0:000  11. [CUU3]: pattern 700D4350, bin not found / already patched!
102:896  0:000    0 replacements
102:896  0:000  Found OperationRegion(TPMR, SystemMemory, FED40000, ...)
102:896  0:000  Found OperationRegion(FHCI, SystemMemory, FED40000, ...)
102:896  0:000  Found OperationRegion(TNVS, SystemMemory, 8AF63000, ...)
102:896  0:000  0. [change EHC1 to EH01]: pattern 45484331, bin not found / already patched!
102:896  0:000  1. [change EHC2 to EH02]: pattern 45484332, bin not found / already patched!
102:897  0:000  2. [change EUSB to EH01]: pattern 45555342, bin not found / already patched!
102:897  0:000  3. [change USBE to EH02]: pattern 55534245, bin not found / already patched!
102:897  0:000  4. [change GFX0 to IGPU]: pattern 47465830, bin not found / already patched!
102:897  0:000  5. [change HECI to IMEI]: pattern 48454349, bin not found / already patched!
102:897  0:000  6. [change SAT0 to SATA]: pattern 53415430, bin not found / already patched!
102:897  0:000  7. [Fix bug SERIE 300]: disabled
102:897  0:000  8. [CUU0]: pattern 700D4350, bin not found / already patched!
102:897  0:000  9. [CUU1]: pattern 700D4350, bin not found / already patched!
102:897  0:000  10. [CUU2]: pattern 700D4350, bin not found / already patched!
102:897  0:000  11. [CUU3]: pattern 700D4350, bin not found / already patched!
102:897  0:000    0 replacements
102:897  0:000  Found OperationRegion(MENV, SystemMemory, 8AF62F98, ...)
102:897  0:000  0. [change EHC1 to EH01]: pattern 45484331, bin not found / already patched!
102:897  0:000  1. [change EHC2 to EH02]: pattern 45484332, bin not found / already patched!
102:897  0:000  2. [change EUSB to EH01]: pattern 45555342, bin not found / already patched!
102:897  0:000  3. [change USBE to EH02]: pattern 55534245, bin not found / already patched!
102:897  0:000  4. [change GFX0 to IGPU]: pattern 47465830, bin not found / already patched!
102:897  0:000  5. [change HECI to IMEI]: pattern 48454349, bin not found / already patched!
102:897  0:000  6. [change SAT0 to SATA]: pattern 53415430, bin not found / already patched!
102:897  0:000  7. [Fix bug SERIE 300]: disabled
102:897  0:000  8. [CUU0]: pattern 700D4350, bin not found / already patched!
102:897  0:000  9. [CUU1]: pattern 700D4350, bin not found / already patched!
102:897  0:000  10. [CUU2]: pattern 700D4350, bin not found / already patched!
102:897  0:000  11. [CUU3]: pattern 700D4350, bin not found / already patched!
102:897  0:000    0 replacements
102:897  0:000  Found OperationRegion(HNVS, SystemMemory, 8AF66000, ...)
102:897  0:000  0. [change EHC1 to EH01]: pattern 45484331, bin not found / already patched!
102:897  0:000  1. [change EHC2 to EH02]: pattern 45484332, bin not found / already patched!
102:897  0:000  2. [change EUSB to EH01]: pattern 45555342, bin not found / already patched!
102:897  0:000  3. [change USBE to EH02]: pattern 55534245, bin not found / already patched!
102:897  0:000  4. [change GFX0 to IGPU]: pattern 47465830, patched at: [ (845) (217F) (39) (1DC) (A66) (1D) (716) ]
102:897  0:000  5. [change HECI to IMEI]: pattern 48454349, bin not found / already patched!
102:897  0:000  6. [change SAT0 to SATA]: pattern 53415430, bin not found / already patched!
102:897  0:000  7. [Fix bug SERIE 300]: disabled
102:897  0:000  8. [CUU0]: pattern 700D4350, bin not found / already patched!
102:897  0:000  9. [CUU1]: pattern 700D4350, bin not found / already patched!
102:898  0:000  10. [CUU2]: pattern 700D4350, bin not found / already patched!
102:898  0:000  11. [CUU3]: pattern 700D4350, bin not found / already patched!
102:898  0:000    0 replacements
102:898  0:000  Found OperationRegion(SANV, SystemMemory, 8AF60D98, ...)
102:898  0:000  0. [change EHC1 to EH01]: pattern 45484331, bin not found / already patched!
102:898  0:000  1. [change EHC2 to EH02]: pattern 45484332, bin not found / already patched!
102:898  0:000  2. [change EUSB to EH01]: pattern 45555342, bin not found / already patched!
102:898  0:000  3. [change USBE to EH02]: pattern 55534245, bin not found / already patched!
102:898  0:000  4. [change GFX0 to IGPU]: pattern 47465830, bin not found / already patched!
102:898  0:000  5. [change HECI to IMEI]: pattern 48454349, bin not found / already patched!
102:898  0:000  6. [change SAT0 to SATA]: pattern 53415430, bin not found / already patched!
102:898  0:000  7. [Fix bug SERIE 300]: disabled
102:898  0:000  8. [CUU0]: pattern 700D4350, bin not found / already patched!
102:898  0:000  9. [CUU1]: pattern 700D4350, bin not found / already patched!
102:898  0:000  10. [CUU2]: pattern 700D4350, bin not found / already patched!
102:898  0:000  11. [CUU3]: pattern 700D4350, bin not found / already patched!
102:898  0:000    0 replacements
102:898  0:000  0. [change EHC1 to EH01]: pattern 45484331, bin not found / already patched!
102:898  0:000  1. [change EHC2 to EH02]: pattern 45484332, bin not found / already patched!
102:898  0:000  2. [change EUSB to EH01]: pattern 45555342, bin not found / already patched!
102:898  0:000  3. [change USBE to EH02]: pattern 55534245, bin not found / already patched!
102:898  0:000  4. [change GFX0 to IGPU]: pattern 47465830, bin not found / already patched!
102:898  0:000  5. [change HECI to IMEI]: pattern 48454349, bin not found / already patched!
102:898  0:000  6. [change SAT0 to SATA]: pattern 53415430, bin not found / already patched!
102:898  0:000  7. [Fix bug SERIE 300]: disabled
102:898  0:000  8. [CUU0]: pattern 700D4350, bin not found / already patched!
102:898  0:000  9. [CUU1]: pattern 700D4350, bin not found / already patched!
102:898  0:000  10. [CUU2]: pattern 700D4350, bin not found / already patched!
102:898  0:000  11. [CUU3]: pattern 700D4350, bin not found / already patched!
102:898  0:000    0 replacements
102:898  0:000  0. [change EHC1 to EH01]: pattern 45484331, bin not found / already patched!
102:898  0:000  1. [change EHC2 to EH02]: pattern 45484332, bin not found / already patched!
102:898  0:000  2. [change EUSB to EH01]: pattern 45555342, bin not found / already patched!
102:898  0:000  3. [change USBE to EH02]: pattern 55534245, bin not found / already patched!
102:898  0:000  4. [change GFX0 to IGPU]: pattern 47465830, bin not found / already patched!
102:898  0:000  5. [change HECI to IMEI]: pattern 48454349, bin not found / already patched!
102:898  0:000  6. [change SAT0 to SATA]: pattern 53415430, bin not found / already patched!
102:898  0:000  7. [Fix bug SERIE 300]: disabled
102:898  0:000  8. [CUU0]: pattern 700D4350, bin not found / already patched!
102:898  0:000  9. [CUU1]: pattern 700D4350, bin not found / already patched!
102:898  0:000  10. [CUU2]: pattern 700D4350, bin not found / already patched!
102:898  0:000  11. [CUU3]: pattern 700D4350, bin not found / already patched!
102:898  0:000    0 replacements
102:898  0:000  0. [change EHC1 to EH01]: pattern 45484331, bin not found / already patched!
102:898  0:000  1. [change EHC2 to EH02]: pattern 45484332, bin not found / already patched!
102:898  0:000  2. [change EUSB to EH01]: pattern 45555342, bin not found / already patched!
102:898  0:000  3. [change USBE to EH02]: pattern 55534245, bin not found / already patched!
102:898  0:000  4. [change GFX0 to IGPU]: pattern 47465830, bin not found / already patched!
102:898  0:000  5. [change HECI to IMEI]: pattern 48454349, bin not found / already patched!
102:898  0:000  6. [change SAT0 to SATA]: pattern 53415430, patched at: [ (1E) ]
102:898  0:000  7. [Fix bug SERIE 300]: disabled
102:898  0:000  8. [CUU0]: pattern 700D4350, bin not found / already patched!
102:898  0:000  9. [CUU1]: pattern 700D4350, bin not found / already patched!
102:898  0:000  10. [CUU2]: pattern 700D4350, bin not found / already patched!
102:898  0:000  11. [CUU3]: pattern 700D4350, bin not found / already patched!
102:898  0:000    0 replacements
102:898  0:000  0. [change EHC1 to EH01]: pattern 45484331, bin not found / already patched!
102:898  0:000  1. [change EHC2 to EH02]: pattern 45484332, bin not found / already patched!
102:898  0:000  2. [change EUSB to EH01]: pattern 45555342, bin not found / already patched!
102:898  0:000  3. [change USBE to EH02]: pattern 55534245, bin not found / already patched!
102:898  0:000  4. [change GFX0 to IGPU]: pattern 47465830, bin not found / already patched!
102:898  0:000  5. [change HECI to IMEI]: pattern 48454349, bin not found / already patched!
102:898  0:000  6. [change SAT0 to SATA]: pattern 53415430, bin not found / already patched!
102:898  0:000  7. [Fix bug SERIE 300]: disabled
102:898  0:000  8. [CUU0]: pattern 700D4350, bin not found / already patched!
102:898  0:000  9. [CUU1]: pattern 700D4350, bin not found / already patched!
102:898  0:000  10. [CUU2]: pattern 700D4350, bin not found / already patched!
102:898  0:000  11. [CUU3]: pattern 700D4350, bin not found / already patched!
102:898  0:000    0 replacements
102:898  0:000  0. [change EHC1 to EH01]: pattern 45484331, bin not found / already patched!
102:898  0:000  1. [change EHC2 to EH02]: pattern 45484332, bin not found / already patched!
102:898  0:000  2. [change EUSB to EH01]: pattern 45555342, bin not found / already patched!
102:898  0:000  3. [change USBE to EH02]: pattern 55534245, bin not found / already patched!
102:898  0:000  4. [change GFX0 to IGPU]: pattern 47465830, bin not found / already patched!
102:898  0:000  5. [change HECI to IMEI]: pattern 48454349, bin not found / already patched!
102:898  0:000  6. [change SAT0 to SATA]: pattern 53415430, bin not found / already patched!
102:898  0:000  7. [Fix bug SERIE 300]: disabled
102:898  0:000  8. [CUU0]: pattern 700D4350, bin not found / already patched!
102:898  0:000  9. [CUU1]: pattern 700D4350, bin not found / already patched!
102:898  0:000  10. [CUU2]: pattern 700D4350, bin not found / already patched!
102:898  0:000  11. [CUU3]: pattern 700D4350, bin not found / already patched!
102:898  0:000    0 replacements
102:898  0:000  0. [change EHC1 to EH01]: pattern 45484331, bin not found / already patched!
102:898  0:000  1. [change EHC2 to EH02]: pattern 45484332, bin not found / already patched!
102:898  0:000  2. [change EUSB to EH01]: pattern 45555342, bin not found / already patched!
102:898  0:000  3. [change USBE to EH02]: pattern 55534245, bin not found / already patched!
102:898  0:000  4. [change GFX0 to IGPU]: pattern 47465830, bin not found / already patched!
102:898  0:000  5. [change HECI to IMEI]: pattern 48454349, bin not found / already patched!
102:898  0:000  6. [change SAT0 to SATA]: pattern 53415430, patched at: [ (27) (105) ]
102:898  0:000  7. [Fix bug SERIE 300]: disabled
102:898  0:000  8. [CUU0]: pattern 700D4350, bin not found / already patched!
102:898  0:000  9. [CUU1]: pattern 700D4350, bin not found / already patched!
102:898  0:000  10. [CUU2]: pattern 700D4350, bin not found / already patched!
102:898  0:000  11. [CUU3]: pattern 700D4350, bin not found / already patched!
102:898  0:000    0 replacements
102:899  0:000  0. [change EHC1 to EH01]: pattern 45484331, bin not found / already patched!
102:899  0:000  1. [change EHC2 to EH02]: pattern 45484332, bin not found / already patched!
102:899  0:000  2. [change EUSB to EH01]: pattern 45555342, bin not found / already patched!
102:899  0:000  3. [change USBE to EH02]: pattern 55534245, bin not found / already patched!
102:899  0:000  4. [change GFX0 to IGPU]: pattern 47465830, bin not found / already patched!
102:899  0:000  5. [change HECI to IMEI]: pattern 48454349, bin not found / already patched!
102:899  0:000  6. [change SAT0 to SATA]: pattern 53415430, bin not found / already patched!
102:899  0:000  7. [Fix bug SERIE 300]: disabled
102:899  0:000  8. [CUU0]: pattern 700D4350, bin not found / already patched!
102:899  0:000  9. [CUU1]: pattern 700D4350, bin not found / already patched!
102:899  0:000  10. [CUU2]: pattern 700D4350, bin not found / already patched!
102:899  0:000  11. [CUU3]: pattern 700D4350, bin not found / already patched!
102:899  0:000    0 replacements
102:899  0:000  Found OperationRegion(PNVS, SystemMemory, 740BC000, ...)
102:899  0:000  === [ ACPIPatchedAML ] ====================================
102:899  0:000  Unsorted
102:899  0:000  Inserting SSDT-PNLF.aml from EFI\CLOVER\ACPI\patched: size=1028 ... Success
102:899  0:000  CPUBase=0 and ApicCPUBase=1 ApicCPUNum=8
102:899  0:000  Maximum control=0x14
102:899  0:000  P-States: min 0x4, max 0x14
102:899  0:000  SSDT with plugin-type without P-States is generated
102:899  0:000  Cleanup XSDT: count=33, length=300
102:899  0:000  corrected XSDT count=32, length=292
102:899  0:000  === [ RestSetup macOS ] ===================================
102:899  0:000  EdidDiscovered size=128
102:899  0:000  --- Discovered EDID Table size:128
102:899  0:000  000  |  00  FF  FF  FF  FF  FF  FF  00  06  AF
102:899  0:000  010  |  EC  71  00  00  00  00  01  19  01  04
102:899  0:000  020  |  95  22  13  78  02  50  25  93  58  57
102:899  0:000  030  |  92  29  22  50  54  00  00  00  01  01
102:899  0:000  040  |  01  01  01  01  01  01  01  01  01  01
102:899  0:000  050  |  01  01  01  01  CE  1D  56  C0  50  00
102:899  0:000  060  |  30  30  08  0A  31  00  58  C1  10  00
102:899  0:000  070  |  00  18  DF  13  56  C0  50  00  30  30
102:899  0:000  080  |  08  0A  31  00  58  C1  10  00  00  18
102:899  0:000  090  |  00  00  00  00  00  00  00  00  00  00
102:899  0:000  100  |  00  00  00  00  00  00  00  00  00  00
102:899  0:000  110  |  00  02  00  10  48  FF  0F  3C  6E  1F
102:899  0:000  120  |  14  22  6E  20  20  20  00  A3
102:899  0:000  add device: PciRoot(0x0)/Pci(0x2,0x0)
102:899  0:000     Add key=framebuffer-stolenmem valuelen=4
102:899  0:000     Add key=framebuffer-patch-enable valuelen=4
102:899  0:000     Add key=framebuffer-fbmem valuelen=4
102:899  0:000     Add key=AAPL,ig-plaform-id valuelen=4
102:899  0:000  Intel GFX injection not set
102:899  0:000   RCBA disabled; cannot use it
102:899  0:000   setting specified layout-id=3 (0x3)
102:899  0:000  stringlength = 1504
102:899  0:000  CurrentMode: Width=1366 Height=768
102:899  0:000  Beginning FSInjection
FSInjectionInstall ...
- Our FSI_SIMPLE_FILE_SYSTEM_PROTOCOL installed on handle: 79902118
FSInjectionInstall ...
- Our FSI_SIMPLE_FILE_SYSTEM_PROTOCOL installed on handle: 79902118
102:902  0:002  Use origin smbios table type 1 guid.
102:902  0:000  Preparing kexts injection for arch=x86_64 from EFI\CLOVER\kexts\Other
102:902  0:000  Extra kext: EFI\CLOVER\kexts\Other\ApplePS2SmartTouchPad.kext (v.4.6.8)
102:934  0:032    |-- PlugIn kext: EFI\CLOVER\kexts\Other\ApplePS2SmartTouchPad.kext\Contents\PlugIns\ApplePS2Keyboard.kext (v.4.6.8)
102:958  0:023    |-- PlugIn kext: EFI\CLOVER\kexts\Other\ApplePS2SmartTouchPad.kext\Contents\PlugIns\ApplePS2Controller.kext (v.4.6.8)
102:973  0:014  Extra kext: EFI\CLOVER\kexts\Other\ACPIBatteryManager.kext (v.1.90.1)
103:010  0:037  Extra kext: EFI\CLOVER\kexts\Other\VoodooTSCSync.kext (v.1.5.0)
103:022  0:012  Extra kext: EFI\CLOVER\kexts\Other\FakeSMC.kext (v.3.5.1)
103:036  0:014  Extra kext: EFI\CLOVER\kexts\Other\VoodooPS2Controller.kext (v.2.0.1)
103:048  0:012    |-- PlugIn kext: EFI\CLOVER\kexts\Other\VoodooPS2Controller.kext\Contents\PlugIns\VoodooPS2Mouse.kext (v.2.0.1)
103:050  0:001    |-- PlugIn kext: EFI\CLOVER\kexts\Other\VoodooPS2Controller.kext\Contents\PlugIns\VoodooPS2Keyboard.kext (v.2.0.1)
103:053  0:003    |-- PlugIn kext: EFI\CLOVER\kexts\Other\VoodooPS2Controller.kext\Contents\PlugIns\VoodooPS2Trackpad.kext (v.2.0.1)
103:056  0:003  Extra kext: EFI\CLOVER\kexts\Other\XHCI-unsupported.kext (v.0.9.2)
103:073  0:016  Extra kext: EFI\CLOVER\kexts\Other\NullCPUPowerManagement.kext (v.1.0.0d2)
103:088  0:014  Extra kext: EFI\CLOVER\kexts\Other\RealtekRTL8111.kext (v.2.2.2)
103:091  0:003  Extra kext: EFI\CLOVER\kexts\Other\WhateverGreen.kext (v.1.3.0)
103:111  0:019  Extra kext: EFI\CLOVER\kexts\Other\IntelMausi.kext (v.1.0.0)
103:123  0:011  Extra kext: EFI\CLOVER\kexts\Other\AtherosE2200Ethernet.kext (v.2.2.2)
103:124  0:001  Extra kext: EFI\CLOVER\kexts\Other\AirportBrcmFixup.kext (v.2.0.2)
103:128  0:003  Extra kext: EFI\CLOVER\kexts\Other\SATA-unsupported.kext (v.0.9.2)
103:129  0:001  Extra kext: EFI\CLOVER\kexts\Other\NoTouchID.kext (v.1.0.1)
103:131  0:001  Extra kext: EFI\CLOVER\kexts\Other\Lilu.kext (v.1.3.7)
103:149  0:018  Extra kext: EFI\CLOVER\kexts\Other\RealtekRTL8100.kext (v.2.0.1)
103:153  0:003  Extra kext: EFI\CLOVER\kexts\Other\USBInjectAll.kext (v.0.7.1)
103:262  0:109  Extra kext: EFI\CLOVER\kexts\Other\AppleALC.kext (v.1.4.4)
103:438  0:175  Extra kext: EFI\CLOVER\kexts\Other\AppleBacklightFixup.kext (v.1.0.2)
103:468  0:030  SetStartupDiskVolume:
103:468  0:000    * Volume: 'MackintoshHD'
103:468  0:000    * LoaderPath: '<null string>'
103:468  0:000    * DevPath: MackintoshHD
103:468  0:000    * GUID = 6BE2C079-6433-4FB7-B59C-F079FA494C33
103:468  0:000    * efi-boot-device: <array><dict><key>IOMatch</key><dict><key>IOProviderClass</key><string>IOMedia</string><key>IOPropertyMatch</key><dict><key>UUID</key><string>6BE2C079-6433-4FB7-B59C-F079FA494C33</string></dict></dict></dict></array>
103:468  0:000  SetScreenResolution: 1366x768 - already set
103:468  0:000  Custom boot is disabled
103:469  0:001  Closing log
